Arguments: 
  C:\Program Files\nodejs\node.exe C:\Users\MariusNew\AppData\Roaming\npm\node_modules\yarn\bin\yarn.js install

PATH: 
  C:\Python310\Scripts\;C:\Python310\;C:\ProgramData\Oracle\Java\javapath;C:\Program Files (x86)\AMD APP\bin\x86_64;C:\Program Files (x86)\AMD APP\bin\x86;C:\WINDOWS\system32;C:\WINDOWS;C:\WINDOWS\System32\Wbem;C:\WINDOWS\System32\WindowsPowerShell\v1.0\;C:\Program Files (x86)\ATI Technologies\ATI.ACE\Core-Static;D:\Downloads\Git\cmd;C:\WINDOWS\System32\OpenSSH\;C:\ProgramData\chocolatey\bin;C:\Users\MariusNew\AppData\Roaming\nvm;C:\Program Files\nodejs;C:\Users\MariusNew\AppData\Local\Microsoft\WindowsApps;C:\Users\MariusNew\AppData\Local\Programs\Microsoft VS Code\bin;C:\Users\MariusNew\AppData\Roaming\npm;C:\Users\MariusNew\AppData\Roaming\nvm;C:\Program Files\nodejs

Yarn version: 
  1.22.17

Node version: 
  12.13.0

Platform: 
  win32 x64

Trace: 
  Error: https://registry.yarnpkg.com/rxjs/-/rxjs-6.6.7.tgz: ESOCKETTIMEDOUT
      at ClientRequest.<anonymous> (C:\Users\MariusNew\AppData\Roaming\npm\node_modules\yarn\lib\cli.js:141510:19)
      at Object.onceWrapper (events.js:299:28)
      at ClientRequest.emit (events.js:210:5)
      at TLSSocket.emitRequestTimeout (_http_client.js:690:9)
      at Object.onceWrapper (events.js:299:28)
      at TLSSocket.emit (events.js:210:5)
      at TLSSocket.Socket._onTimeout (net.js:468:8)
      at listOnTimeout (internal/timers.js:531:17)
      at processTimers (internal/timers.js:475:7)

npm manifest: 
  {
    "name": "training",
    "version": "1.0.0",
    "description": "Training",
    "engines": {
      "node": ">=8.11.3"
    },
    "scripts": {
      "webpack:dev": "cross-env NODE_ENV=development wp --watch",
      "webpack:prd": "cross-env NODE_ENV=production wp",
      "compile:fonts": "node bin/Makefile compileFonts",
      "lint:js-server": "gulp lint:js-server",
      "lint:js-client": "gulp lint:js-client",
      "lint:scss": "gulp lint:scss",
      "lint": "gulp lint",
      "fix:js-server": "eslint --config .eslintrc_server.js --fix",
      "fix:js-client": "eslint --config .eslintrc_client.js --fix",
      "prettier": "prettier"
    },
    "repository": {
      "type": "git"
    },
    "author": "Daniel Anechitoaie <daniel.anechitoaie@osf-commerce.com>",
    "license": "UNLICENSED",
    "private": true,
    "devDependencies": {
      "@babel/core": "^7.6.3",
      "@babel/plugin-proposal-object-rest-spread": "^7.6.2",
      "@babel/preset-env": "^7.6.3",
      "@osf-global/linter": "^4.0.3",
      "babel-loader": "^8.0.6",
      "babel-plugin-module-resolver": "^3.1.1",
      "clean-webpack-plugin": "^1.0.0",
      "cross-env": "^5.2.0",
      "css-loader": "^1.0.1",
      "cssnano": "^4.1.10",
      "fibers": "^4.0.2",
      "fs-extra": "^7.0.1",
      "glob": "^7.1.3",
      "mini-css-extract-plugin": "^0.4.5",
      "minimatch": "^3.0.4",
      "optimize-css-assets-webpack-plugin": "^5.0.1",
      "prettier": "^1.15.3",
      "sass": "^1.24.0",
      "sass-loader": "^7.3.1",
      "terser-webpack-plugin": "^2.2.1",
      "webpack": "^4.41.0",
      "webpack-command": "^0.4.2"
    },
    "dependencies": {
      "bootstrap": "^4.3.1",
      "cleave.js": "^1.5.3",
      "css-vars-ponyfill": "^2.1.2",
      "flag-icon-css": "^2.9.0",
      "font-awesome": "^4.7.0",
      "isml-linter": "^5.22.1",
      "jquery": "^3.4.1",
      "popper.js": "^1.14.6",
      "xzoom": "^1.0.14"
    }
  }

yarn manifest: 
  No manifest

Lockfile: 
  No lockfile
